<?xml version="1.0" encoding="UTF-8"?>
<testsuite xmlns:xsi="http://www.w3.org/2001/XMLSchema-instance" xsi:noNamespaceSchemaLocation="https://maven.apache.org/surefire/maven-surefire-plugin/xsd/surefire-test-report.xsd" name="org.airlineticket_idea.AirlineticketIdeaApplicationTests" time="7.435" tests="3" errors="0" skipped="0" failures="0">
  <properties>
[...]
</properties>
  <testcase name="testSelectWithAirport" classname="org.airlineticket_idea.AirlineticketIdeaApplicationTests" time="1.172"/>
  <testcase name="contextLoads" classname="org.airlineticket_idea.AirlineticketIdeaApplicationTests" time="0.005"/>
  <testcase name="testGetSeatId" classname="org.airlineticket_idea.AirlineticketIdeaApplicationTests" time="0.019"/>
</testsuite>